<?xml version="1.0" encoding="UTF-8"?>
<testsuite xmlns:xsi="http://www.w3.org/2001/XMLSchema-instance" xsi:noNamespaceSchemaLocation="https://maven.apache.org/surefire/maven-surefire-plugin/xsd/surefire-test-report.xsd" name="com.test.TransTest" time="8.64" tests="1" errors="1" skipped="0" failures="0">
  <properties>
    <property name="sun.desktop" value="windows"/>
    <property name="awt.toolkit" value="sun.awt.windows.WToolkit"/>
    <property name="file.encoding.pkg" value="sun.io"/>
    <property name="java.specification.version" value="1.8"/>
    <property name="sun.cpu.isalist" value="amd64"/>
    <property name="sun.jnu.encoding" value="GBK"/>
    <property name="java.class.path" value="C:\mycode\food\foodie-dev\foodie-dev-api\target\test-classes;C:\mycode\food\foodie-dev\foodie-dev-api\target\classes;C:\mycode\food\foodie-dev\foodie-dev-service\target\foodie-dev-service-1.0-SNAPSHOT.jar;C:\mycode\food\foodie-dev\foodie-dev-mapper\target\foodie-dev-mapper-1.0-SNAPSHOT.jar;C:\mycode\food\foodie-dev\foodie-dev-pojo\target\foodie-dev-pojo-1.0-SNAPSHOT.jar;C:\mycode\food\foodie-dev\foodie-dev-common\target\foodie-dev-common-1.0-SNAPSHOT.jar;C:\Users\zcq\.m2\repository\org\springframework\boot\spring-boot-starter-test\2.1.5.RELEASE\spring-boot-starter-test-2.1.5.RELEASE.jar;C:\Users\zcq\.m2\repository\org\springframework\boot\spring-boot-test\2.1.5.RELEASE\spring-boot-test-2.1.5.RELEASE.jar;C:\Users\zcq\.m2\repository\org\springframework\boot\spring-boot-test-autoconfigure\2.1.5.RELEASE\spring-boot-test-autoconfigure-2.1.5.RELEASE.jar;C:\Users\zcq\.m2\repository\com\jayway\jsonpath\json-path\2.4.0\json-path-2.4.0.jar;C:\Users\zcq\.m2\repository\net\minidev\json-smart\2.3\json-smart-2.3.jar;C:\Users\zcq\.m2\repository\net\minidev\accessors-smart\1.2\accessors-smart-1.2.jar;C:\Users\zcq\.m2\repository\org\ow2\asm\asm\5.0.4\asm-5.0.4.jar;C:\Users\zcq\.m2\repository\junit\junit\4.12\junit-4.12.jar;C:\Users\zcq\.m2\repository\org\assertj\assertj-core\3.11.1\assertj-core-3.11.1.jar;C:\Users\zcq\.m2\repository\org\mockito\mockito-core\2.23.4\mockito-core-2.23.4.jar;C:\Users\zcq\.m2\repository\net\bytebuddy\byte-buddy\1.9.12\byte-buddy-1.9.12.jar;C:\Users\zcq\.m2\repository\net\bytebuddy\byte-buddy-agent\1.9.12\byte-buddy-agent-1.9.12.jar;C:\Users\zcq\.m2\repository\org\objenesis\objenesis\2.6\objenesis-2.6.jar;C:\Users\zcq\.m2\repository\org\hamcrest\hamcrest-core\1.3\hamcrest-core-1.3.jar;C:\Users\zcq\.m2\repository\org\hamcrest\hamcrest-library\1.3\hamcrest-library-1.3.jar;C:\Users\zcq\.m2\repository\org\skyscreamer\jsonassert\1.5.0\jsonassert-1.5.0.jar;C:\Users\zcq\.m2\repository\com\vaadin\external\google\android-json\0.0.20131108.vaadin1\android-json-0.0.20131108.vaadin1.jar;C:\Users\zcq\.m2\repository\org\springframework\spring-core\5.1.7.RELEASE\spring-core-5.1.7.RELEASE.jar;C:\Users\zcq\.m2\repository\org\springframework\spring-jcl\5.1.7.RELEASE\spring-jcl-5.1.7.RELEASE.jar;C:\Users\zcq\.m2\repository\org\springframework\spring-test\5.1.7.RELEASE\spring-test-5.1.7.RELEASE.jar;C:\Users\zcq\.m2\repository\org\xmlunit\xmlunit-core\2.6.2\xmlunit-core-2.6.2.jar;C:\Users\zcq\.m2\repository\org\springframework\boot\spring-boot-starter\2.1.5.RELEASE\spring-boot-starter-2.1.5.RELEASE.jar;C:\Users\zcq\.m2\repository\org\springframework\boot\spring-boot\2.1.5.RELEASE\spring-boot-2.1.5.RELEASE.jar;C:\Users\zcq\.m2\repository\org\springframework\spring-context\5.1.7.RELEASE\spring-context-5.1.7.RELEASE.jar;C:\Users\zcq\.m2\repository\org\springframework\boot\spring-boot-autoconfigure\2.1.5.RELEASE\spring-boot-autoconfigure-2.1.5.RELEASE.jar;C:\Users\zcq\.m2\repository\javax\annotation\javax.annotation-api\1.3.2\javax.annotation-api-1.3.2.jar;C:\Users\zcq\.m2\repository\org\yaml\snakeyaml\1.23\snakeyaml-1.23.jar;C:\Users\zcq\.m2\repository\org\springframework\boot\spring-boot-starter-web\2.1.5.RELEASE\spring-boot-starter-web-2.1.5.RELEASE.jar;C:\Users\zcq\.m2\repository\org\springframework\boot\spring-boot-starter-json\2.1.5.RELEASE\spring-boot-starter-json-2.1.5.RELEASE.jar;C:\Users\zcq\.m2\repository\com\fasterxml\jackson\core\jackson-databind\2.9.8\jackson-databind-2.9.8.jar;C:\Users\zcq\.m2\repository\com\fasterxml\jackson\core\jackson-core\2.9.8\jackson-core-2.9.8.jar;C:\Users\zcq\.m2\repository\com\fasterxml\jackson\datatype\jackson-datatype-jdk8\2.9.8\jackson-datatype-jdk8-2.9.8.jar;C:\Users\zcq\.m2\repository\com\fasterxml\jackson\datatype\jackson-datatype-jsr310\2.9.8\jackson-datatype-jsr310-2.9.8.jar;C:\Users\zcq\.m2\repository\com\fasterxml\jackson\module\jackson-module-parameter-names\2.9.8\jackson-module-parameter-names-2.9.8.jar;C:\Users\zcq\.m2\repository\org\springframework\boot\spring-boot-starter-tomcat\2.1.5.RELEASE\spring-boot-starter-tomcat-2.1.5.RELEASE.jar;C:\Users\zcq\.m2\repository\org\apache\tomcat\embed\tomcat-embed-core\9.0.19\tomcat-embed-core-9.0.19.jar;C:\Users\zcq\.m2\repository\org\apache\tomcat\embed\tomcat-embed-el\9.0.19\tomcat-embed-el-9.0.19.jar;C:\Users\zcq\.m2\repository\org\apache\tomcat\embed\tomcat-embed-websocket\9.0.19\tomcat-embed-websocket-9.0.19.jar;C:\Users\zcq\.m2\repository\org\hibernate\validator\hibernate-validator\6.0.16.Final\hibernate-validator-6.0.16.Final.jar;C:\Users\zcq\.m2\repository\javax\validation\validation-api\2.0.1.Final\validation-api-2.0.1.Final.jar;C:\Users\zcq\.m2\repository\org\jboss\logging\jboss-logging\3.3.2.Final\jboss-logging-3.3.2.Final.jar;C:\Users\zcq\.m2\repository\org\springframework\spring-web\5.1.7.RELEASE\spring-web-5.1.7.RELEASE.jar;C:\Users\zcq\.m2\repository\org\springframework\spring-beans\5.1.7.RELEASE\spring-beans-5.1.7.RELEASE.jar;C:\Users\zcq\.m2\repository\org\springframework\spring-webmvc\5.1.7.RELEASE\spring-webmvc-5.1.7.RELEASE.jar;C:\Users\zcq\.m2\repository\org\springframework\spring-expression\5.1.7.RELEASE\spring-expression-5.1.7.RELEASE.jar;C:\Users\zcq\.m2\repository\org\springframework\boot\spring-boot-starter-aop\2.1.5.RELEASE\spring-boot-starter-aop-2.1.5.RELEASE.jar;C:\Users\zcq\.m2\repository\org\springframework\spring-aop\5.1.7.RELEASE\spring-aop-5.1.7.RELEASE.jar;C:\Users\zcq\.m2\repository\org\aspectj\aspectjweaver\1.9.4\aspectjweaver-1.9.4.jar;C:\Users\zcq\.m2\repository\org\springframework\boot\spring-boot-configuration-processor\2.1.5.RELEASE\spring-boot-configuration-processor-2.1.5.RELEASE.jar;C:\Users\zcq\.m2\repository\mysql\mysql-connector-java\5.1.41\mysql-connector-java-5.1.41.jar;C:\Users\zcq\.m2\repository\org\mybatis\spring\boot\mybatis-spring-boot-starter\2.1.0\mybatis-spring-boot-starter-2.1.0.jar;C:\Users\zcq\.m2\repository\org\springframework\boot\spring-boot-starter-jdbc\2.1.5.RELEASE\spring-boot-starter-jdbc-2.1.5.RELEASE.jar;C:\Users\zcq\.m2\repository\com\zaxxer\HikariCP\3.2.0\HikariCP-3.2.0.jar;C:\Users\zcq\.m2\repository\org\springframework\spring-jdbc\5.1.7.RELEASE\spring-jdbc-5.1.7.RELEASE.jar;C:\Users\zcq\.m2\repository\org\springframework\spring-tx\5.1.7.RELEASE\spring-tx-5.1.7.RELEASE.jar;C:\Users\zcq\.m2\repository\org\mybatis\spring\boot\mybatis-spring-boot-autoconfigure\2.1.0\mybatis-spring-boot-autoconfigure-2.1.0.jar;C:\Users\zcq\.m2\repository\org\mybatis\mybatis\3.5.2\mybatis-3.5.2.jar;C:\Users\zcq\.m2\repository\org\mybatis\mybatis-spring\2.0.2\mybatis-spring-2.0.2.jar;C:\Users\zcq\.m2\repository\tk\mybatis\mapper-spring-boot-starter\2.1.5\mapper-spring-boot-starter-2.1.5.jar;C:\Users\zcq\.m2\repository\tk\mybatis\mapper-core\1.1.5\mapper-core-1.1.5.jar;C:\Users\zcq\.m2\repository\javax\persistence\persistence-api\1.0\persistence-api-1.0.jar;C:\Users\zcq\.m2\repository\tk\mybatis\mapper-base\1.1.5\mapper-base-1.1.5.jar;C:\Users\zcq\.m2\repository\tk\mybatis\mapper-weekend\1.1.5\mapper-weekend-1.1.5.jar;C:\Users\zcq\.m2\repository\tk\mybatis\mapper-spring\1.1.5\mapper-spring-1.1.5.jar;C:\Users\zcq\.m2\repository\tk\mybatis\mapper-extra\1.1.5\mapper-extra-1.1.5.jar;C:\Users\zcq\.m2\repository\tk\mybatis\mapper-spring-boot-autoconfigure\2.1.5\mapper-spring-boot-autoconfigure-2.1.5.jar;C:\Users\zcq\.m2\repository\com\github\pagehelper\pagehelper-spring-boot-starter\1.2.12\pagehelper-spring-boot-starter-1.2.12.jar;C:\Users\zcq\.m2\repository\com\github\pagehelper\pagehelper-spring-boot-autoconfigure\1.2.12\pagehelper-spring-boot-autoconfigure-1.2.12.jar;C:\Users\zcq\.m2\repository\com\github\pagehelper\pagehelper\5.1.10\pagehelper-5.1.10.jar;C:\Users\zcq\.m2\repository\com\github\jsqlparser\jsqlparser\2.0\jsqlparser-2.0.jar;C:\Users\zcq\.m2\repository\commons-codec\commons-codec\1.11\commons-codec-1.11.jar;C:\Users\zcq\.m2\repository\org\apache\commons\commons-lang3\3.4\commons-lang3-3.4.jar;C:\Users\zcq\.m2\repository\commons-io\commons-io\1.3.2\commons-io-1.3.2.jar;C:\Users\zcq\.m2\repository\io\springfox\springfox-swagger2\2.4.0\springfox-swagger2-2.4.0.jar;C:\Users\zcq\.m2\repository\io\swagger\swagger-annotations\1.5.6\swagger-annotations-1.5.6.jar;C:\Users\zcq\.m2\repository\io\swagger\swagger-models\1.5.6\swagger-models-1.5.6.jar;C:\Users\zcq\.m2\repository\com\fasterxml\jackson\core\jackson-annotations\2.9.0\jackson-annotations-2.9.0.jar;C:\Users\zcq\.m2\repository\io\springfox\springfox-spi\2.4.0\springfox-spi-2.4.0.jar;C:\Users\zcq\.m2\repository\io\springfox\springfox-core\2.4.0\springfox-core-2.4.0.jar;C:\Users\zcq\.m2\repository\io\springfox\springfox-schema\2.4.0\springfox-schema-2.4.0.jar;C:\Users\zcq\.m2\repository\io\springfox\springfox-swagger-common\2.4.0\springfox-swagger-common-2.4.0.jar;C:\Users\zcq\.m2\repository\io\springfox\springfox-spring-web\2.4.0\springfox-spring-web-2.4.0.jar;C:\Users\zcq\.m2\repository\com\google\guava\guava\18.0\guava-18.0.jar;C:\Users\zcq\.m2\repository\com\fasterxml\classmate\1.4.0\classmate-1.4.0.jar;C:\Users\zcq\.m2\repository\org\springframework\plugin\spring-plugin-core\1.2.0.RELEASE\spring-plugin-core-1.2.0.RELEASE.jar;C:\Users\zcq\.m2\repository\org\springframework\plugin\spring-plugin-metadata\1.2.0.RELEASE\spring-plugin-metadata-1.2.0.RELEASE.jar;C:\Users\zcq\.m2\repository\io\springfox\springfox-swagger-ui\2.4.0\springfox-swagger-ui-2.4.0.jar;C:\Users\zcq\.m2\repository\com\github\xiaoymin\swagger-bootstrap-ui\1.6\swagger-bootstrap-ui-1.6.jar;C:\Users\zcq\.m2\repository\org\slf4j\slf4j-api\1.7.21\slf4j-api-1.7.21.jar;C:\Users\zcq\.m2\repository\org\slf4j\slf4j-log4j12\1.7.21\slf4j-log4j12-1.7.21.jar;C:\Users\zcq\.m2\repository\log4j\log4j\1.2.17\log4j-1.2.17.jar;"/>
    <property name="java.vm.vendor" value="Oracle Corporation"/>
    <property name="sun.arch.data.model" value="64"/>
    <property name="user.variant" value=""/>
    <property name="java.vendor.url" value="http://java.oracle.com/"/>
    <property name="user.timezone" value="Asia/Shanghai"/>
    <property name="java.vm.specification.version" value="1.8"/>
    <property name="os.name" value="Windows 10"/>
    <property name="user.country" value="CN"/>
    <property name="sun.java.launcher" value="SUN_STANDARD"/>
    <property name="sun.boot.library.path" value="C:\Program Files\Java\jdk1.8.0_221\jre\bin"/>
    <property name="sun.java.command" value="C:\Users\zcq\AppData\Local\Temp\surefire8204658901902909706\surefirebooter8497328685628957054.jar C:\Users\zcq\AppData\Local\Temp\surefire8204658901902909706 2020-01-18T16-15-35_726-jvmRun1 surefire4797229193443828320tmp surefire_08560234043612851041tmp"/>
    <property name="surefire.test.class.path" value="C:\mycode\food\foodie-dev\foodie-dev-api\target\test-classes;C:\mycode\food\foodie-dev\foodie-dev-api\target\classes;C:\mycode\food\foodie-dev\foodie-dev-service\target\foodie-dev-service-1.0-SNAPSHOT.jar;C:\mycode\food\foodie-dev\foodie-dev-mapper\target\foodie-dev-mapper-1.0-SNAPSHOT.jar;C:\mycode\food\foodie-dev\foodie-dev-pojo\target\foodie-dev-pojo-1.0-SNAPSHOT.jar;C:\mycode\food\foodie-dev\foodie-dev-common\target\foodie-dev-common-1.0-SNAPSHOT.jar;C:\Users\zcq\.m2\repository\org\springframework\boot\spring-boot-starter-test\2.1.5.RELEASE\spring-boot-starter-test-2.1.5.RELEASE.jar;C:\Users\zcq\.m2\repository\org\springframework\boot\spring-boot-test\2.1.5.RELEASE\spring-boot-test-2.1.5.RELEASE.jar;C:\Users\zcq\.m2\repository\org\springframework\boot\spring-boot-test-autoconfigure\2.1.5.RELEASE\spring-boot-test-autoconfigure-2.1.5.RELEASE.jar;C:\Users\zcq\.m2\repository\com\jayway\jsonpath\json-path\2.4.0\json-path-2.4.0.jar;C:\Users\zcq\.m2\repository\net\minidev\json-smart\2.3\json-smart-2.3.jar;C:\Users\zcq\.m2\repository\net\minidev\accessors-smart\1.2\accessors-smart-1.2.jar;C:\Users\zcq\.m2\repository\org\ow2\asm\asm\5.0.4\asm-5.0.4.jar;C:\Users\zcq\.m2\repository\junit\junit\4.12\junit-4.12.jar;C:\Users\zcq\.m2\repository\org\assertj\assertj-core\3.11.1\assertj-core-3.11.1.jar;C:\Users\zcq\.m2\repository\org\mockito\mockito-core\2.23.4\mockito-core-2.23.4.jar;C:\Users\zcq\.m2\repository\net\bytebuddy\byte-buddy\1.9.12\byte-buddy-1.9.12.jar;C:\Users\zcq\.m2\repository\net\bytebuddy\byte-buddy-agent\1.9.12\byte-buddy-agent-1.9.12.jar;C:\Users\zcq\.m2\repository\org\objenesis\objenesis\2.6\objenesis-2.6.jar;C:\Users\zcq\.m2\repository\org\hamcrest\hamcrest-core\1.3\hamcrest-core-1.3.jar;C:\Users\zcq\.m2\repository\org\hamcrest\hamcrest-library\1.3\hamcrest-library-1.3.jar;C:\Users\zcq\.m2\repository\org\skyscreamer\jsonassert\1.5.0\jsonassert-1.5.0.jar;C:\Users\zcq\.m2\repository\com\vaadin\external\google\android-json\0.0.20131108.vaadin1\android-json-0.0.20131108.vaadin1.jar;C:\Users\zcq\.m2\repository\org\springframework\spring-core\5.1.7.RELEASE\spring-core-5.1.7.RELEASE.jar;C:\Users\zcq\.m2\repository\org\springframework\spring-jcl\5.1.7.RELEASE\spring-jcl-5.1.7.RELEASE.jar;C:\Users\zcq\.m2\repository\org\springframework\spring-test\5.1.7.RELEASE\spring-test-5.1.7.RELEASE.jar;C:\Users\zcq\.m2\repository\org\xmlunit\xmlunit-core\2.6.2\xmlunit-core-2.6.2.jar;C:\Users\zcq\.m2\repository\org\springframework\boot\spring-boot-starter\2.1.5.RELEASE\spring-boot-starter-2.1.5.RELEASE.jar;C:\Users\zcq\.m2\repository\org\springframework\boot\spring-boot\2.1.5.RELEASE\spring-boot-2.1.5.RELEASE.jar;C:\Users\zcq\.m2\repository\org\springframework\spring-context\5.1.7.RELEASE\spring-context-5.1.7.RELEASE.jar;C:\Users\zcq\.m2\repository\org\springframework\boot\spring-boot-autoconfigure\2.1.5.RELEASE\spring-boot-autoconfigure-2.1.5.RELEASE.jar;C:\Users\zcq\.m2\repository\javax\annotation\javax.annotation-api\1.3.2\javax.annotation-api-1.3.2.jar;C:\Users\zcq\.m2\repository\org\yaml\snakeyaml\1.23\snakeyaml-1.23.jar;C:\Users\zcq\.m2\repository\org\springframework\boot\spring-boot-starter-web\2.1.5.RELEASE\spring-boot-starter-web-2.1.5.RELEASE.jar;C:\Users\zcq\.m2\repository\org\springframework\boot\spring-boot-starter-json\2.1.5.RELEASE\spring-boot-starter-json-2.1.5.RELEASE.jar;C:\Users\zcq\.m2\repository\com\fasterxml\jackson\core\jackson-databind\2.9.8\jackson-databind-2.9.8.jar;C:\Users\zcq\.m2\repository\com\fasterxml\jackson\core\jackson-core\2.9.8\jackson-core-2.9.8.jar;C:\Users\zcq\.m2\repository\com\fasterxml\jackson\datatype\jackson-datatype-jdk8\2.9.8\jackson-datatype-jdk8-2.9.8.jar;C:\Users\zcq\.m2\repository\com\fasterxml\jackson\datatype\jackson-datatype-jsr310\2.9.8\jackson-datatype-jsr310-2.9.8.jar;C:\Users\zcq\.m2\repository\com\fasterxml\jackson\module\jackson-module-parameter-names\2.9.8\jackson-module-parameter-names-2.9.8.jar;C:\Users\zcq\.m2\repository\org\springframework\boot\spring-boot-starter-tomcat\2.1.5.RELEASE\spring-boot-starter-tomcat-2.1.5.RELEASE.jar;C:\Users\zcq\.m2\repository\org\apache\tomcat\embed\tomcat-embed-core\9.0.19\tomcat-embed-core-9.0.19.jar;C:\Users\zcq\.m2\repository\org\apache\tomcat\embed\tomcat-embed-el\9.0.19\tomcat-embed-el-9.0.19.jar;C:\Users\zcq\.m2\repository\org\apache\tomcat\embed\tomcat-embed-websocket\9.0.19\tomcat-embed-websocket-9.0.19.jar;C:\Users\zcq\.m2\repository\org\hibernate\validator\hibernate-validator\6.0.16.Final\hibernate-validator-6.0.16.Final.jar;C:\Users\zcq\.m2\repository\javax\validation\validation-api\2.0.1.Final\validation-api-2.0.1.Final.jar;C:\Users\zcq\.m2\repository\org\jboss\logging\jboss-logging\3.3.2.Final\jboss-logging-3.3.2.Final.jar;C:\Users\zcq\.m2\repository\org\springframework\spring-web\5.1.7.RELEASE\spring-web-5.1.7.RELEASE.jar;C:\Users\zcq\.m2\repository\org\springframework\spring-beans\5.1.7.RELEASE\spring-beans-5.1.7.RELEASE.jar;C:\Users\zcq\.m2\repository\org\springframework\spring-webmvc\5.1.7.RELEASE\spring-webmvc-5.1.7.RELEASE.jar;C:\Users\zcq\.m2\repository\org\springframework\spring-expression\5.1.7.RELEASE\spring-expression-5.1.7.RELEASE.jar;C:\Users\zcq\.m2\repository\org\springframework\boot\spring-boot-starter-aop\2.1.5.RELEASE\spring-boot-starter-aop-2.1.5.RELEASE.jar;C:\Users\zcq\.m2\repository\org\springframework\spring-aop\5.1.7.RELEASE\spring-aop-5.1.7.RELEASE.jar;C:\Users\zcq\.m2\repository\org\aspectj\aspectjweaver\1.9.4\aspectjweaver-1.9.4.jar;C:\Users\zcq\.m2\repository\org\springframework\boot\spring-boot-configuration-processor\2.1.5.RELEASE\spring-boot-configuration-processor-2.1.5.RELEASE.jar;C:\Users\zcq\.m2\repository\mysql\mysql-connector-java\5.1.41\mysql-connector-java-5.1.41.jar;C:\Users\zcq\.m2\repository\org\mybatis\spring\boot\mybatis-spring-boot-starter\2.1.0\mybatis-spring-boot-starter-2.1.0.jar;C:\Users\zcq\.m2\repository\org\springframework\boot\spring-boot-starter-jdbc\2.1.5.RELEASE\spring-boot-starter-jdbc-2.1.5.RELEASE.jar;C:\Users\zcq\.m2\repository\com\zaxxer\HikariCP\3.2.0\HikariCP-3.2.0.jar;C:\Users\zcq\.m2\repository\org\springframework\spring-jdbc\5.1.7.RELEASE\spring-jdbc-5.1.7.RELEASE.jar;C:\Users\zcq\.m2\repository\org\springframework\spring-tx\5.1.7.RELEASE\spring-tx-5.1.7.RELEASE.jar;C:\Users\zcq\.m2\repository\org\mybatis\spring\boot\mybatis-spring-boot-autoconfigure\2.1.0\mybatis-spring-boot-autoconfigure-2.1.0.jar;C:\Users\zcq\.m2\repository\org\mybatis\mybatis\3.5.2\mybatis-3.5.2.jar;C:\Users\zcq\.m2\repository\org\mybatis\mybatis-spring\2.0.2\mybatis-spring-2.0.2.jar;C:\Users\zcq\.m2\repository\tk\mybatis\mapper-spring-boot-starter\2.1.5\mapper-spring-boot-starter-2.1.5.jar;C:\Users\zcq\.m2\repository\tk\mybatis\mapper-core\1.1.5\mapper-core-1.1.5.jar;C:\Users\zcq\.m2\repository\javax\persistence\persistence-api\1.0\persistence-api-1.0.jar;C:\Users\zcq\.m2\repository\tk\mybatis\mapper-base\1.1.5\mapper-base-1.1.5.jar;C:\Users\zcq\.m2\repository\tk\mybatis\mapper-weekend\1.1.5\mapper-weekend-1.1.5.jar;C:\Users\zcq\.m2\repository\tk\mybatis\mapper-spring\1.1.5\mapper-spring-1.1.5.jar;C:\Users\zcq\.m2\repository\tk\mybatis\mapper-extra\1.1.5\mapper-extra-1.1.5.jar;C:\Users\zcq\.m2\repository\tk\mybatis\mapper-spring-boot-autoconfigure\2.1.5\mapper-spring-boot-autoconfigure-2.1.5.jar;C:\Users\zcq\.m2\repository\com\github\pagehelper\pagehelper-spring-boot-starter\1.2.12\pagehelper-spring-boot-starter-1.2.12.jar;C:\Users\zcq\.m2\repository\com\github\pagehelper\pagehelper-spring-boot-autoconfigure\1.2.12\pagehelper-spring-boot-autoconfigure-1.2.12.jar;C:\Users\zcq\.m2\repository\com\github\pagehelper\pagehelper\5.1.10\pagehelper-5.1.10.jar;C:\Users\zcq\.m2\repository\com\github\jsqlparser\jsqlparser\2.0\jsqlparser-2.0.jar;C:\Users\zcq\.m2\repository\commons-codec\commons-codec\1.11\commons-codec-1.11.jar;C:\Users\zcq\.m2\repository\org\apache\commons\commons-lang3\3.4\commons-lang3-3.4.jar;C:\Users\zcq\.m2\repository\commons-io\commons-io\1.3.2\commons-io-1.3.2.jar;C:\Users\zcq\.m2\repository\io\springfox\springfox-swagger2\2.4.0\springfox-swagger2-2.4.0.jar;C:\Users\zcq\.m2\repository\io\swagger\swagger-annotations\1.5.6\swagger-annotations-1.5.6.jar;C:\Users\zcq\.m2\repository\io\swagger\swagger-models\1.5.6\swagger-models-1.5.6.jar;C:\Users\zcq\.m2\repository\com\fasterxml\jackson\core\jackson-annotations\2.9.0\jackson-annotations-2.9.0.jar;C:\Users\zcq\.m2\repository\io\springfox\springfox-spi\2.4.0\springfox-spi-2.4.0.jar;C:\Users\zcq\.m2\repository\io\springfox\springfox-core\2.4.0\springfox-core-2.4.0.jar;C:\Users\zcq\.m2\repository\io\springfox\springfox-schema\2.4.0\springfox-schema-2.4.0.jar;C:\Users\zcq\.m2\repository\io\springfox\springfox-swagger-common\2.4.0\springfox-swagger-common-2.4.0.jar;C:\Users\zcq\.m2\repository\io\springfox\springfox-spring-web\2.4.0\springfox-spring-web-2.4.0.jar;C:\Users\zcq\.m2\repository\com\google\guava\guava\18.0\guava-18.0.jar;C:\Users\zcq\.m2\repository\com\fasterxml\classmate\1.4.0\classmate-1.4.0.jar;C:\Users\zcq\.m2\repository\org\springframework\plugin\spring-plugin-core\1.2.0.RELEASE\spring-plugin-core-1.2.0.RELEASE.jar;C:\Users\zcq\.m2\repository\org\springframework\plugin\spring-plugin-metadata\1.2.0.RELEASE\spring-plugin-metadata-1.2.0.RELEASE.jar;C:\Users\zcq\.m2\repository\io\springfox\springfox-swagger-ui\2.4.0\springfox-swagger-ui-2.4.0.jar;C:\Users\zcq\.m2\repository\com\github\xiaoymin\swagger-bootstrap-ui\1.6\swagger-bootstrap-ui-1.6.jar;C:\Users\zcq\.m2\repository\org\slf4j\slf4j-api\1.7.21\slf4j-api-1.7.21.jar;C:\Users\zcq\.m2\repository\org\slf4j\slf4j-log4j12\1.7.21\slf4j-log4j12-1.7.21.jar;C:\Users\zcq\.m2\repository\log4j\log4j\1.2.17\log4j-1.2.17.jar;"/>
    <property name="sun.cpu.endian" value="little"/>
    <property name="user.home" value="C:\Users\zcq"/>
    <property name="user.language" value="zh"/>
    <property name="java.specification.vendor" value="Oracle Corporation"/>
    <property name="java.home" value="C:\Program Files\Java\jdk1.8.0_221\jre"/>
    <property name="basedir" value="C:\mycode\food\foodie-dev\foodie-dev-api"/>
    <property name="file.separator" value="\"/>
    <property name="line.separator" value="&#10;"/>
    <property name="idea.version2019.2.4" value="true"/>
    <property name="java.vm.specification.vendor" value="Oracle Corporation"/>
    <property name="java.specification.name" value="Java Platform API Specification"/>
    <property name="java.awt.graphicsenv" value="sun.awt.Win32GraphicsEnvironment"/>
    <property name="surefire.real.class.path" value="C:\Users\zcq\AppData\Local\Temp\surefire8204658901902909706\surefirebooter8497328685628957054.jar"/>
    <property name="sun.boot.class.path" value="C:\Program Files\Java\jdk1.8.0_221\jre\lib\resources.jar;C:\Program Files\Java\jdk1.8.0_221\jre\lib\rt.jar;C:\Program Files\Java\jdk1.8.0_221\jre\lib\sunrsasign.jar;C:\Program Files\Java\jdk1.8.0_221\jre\lib\jsse.jar;C:\Program Files\Java\jdk1.8.0_221\jre\lib\jce.jar;C:\Program Files\Java\jdk1.8.0_221\jre\lib\charsets.jar;C:\Program Files\Java\jdk1.8.0_221\jre\lib\jfr.jar;C:\Program Files\Java\jdk1.8.0_221\jre\classes"/>
    <property name="user.script" value=""/>
    <property name="sun.management.compiler" value="HotSpot 64-Bit Tiered Compilers"/>
    <property name="java.runtime.version" value="1.8.0_221-b11"/>
    <property name="user.name" value="zcq"/>
    <property name="path.separator" value=";"/>
    <property name="os.version" value="10.0"/>
    <property name="java.endorsed.dirs" value="C:\Program Files\Java\jdk1.8.0_221\jre\lib\endorsed"/>
    <property name="java.runtime.name" value="Java(TM) SE Runtime Environment"/>
    <property name="file.encoding" value="GBK"/>
    <property name="java.vm.name" value="Java HotSpot(TM) 64-Bit Server VM"/>
    <property name="localRepository" value="C:\Users\zcq\.m2\repository"/>
    <property name="java.vendor.url.bug" value="http://bugreport.sun.com/bugreport/"/>
    <property name="java.io.tmpdir" value="C:\Users\zcq\AppData\Local\Temp\"/>
    <property name="java.version" value="1.8.0_221"/>
    <property name="user.dir" value="C:\mycode\food\foodie-dev\foodie-dev-api"/>
    <property name="os.arch" value="amd64"/>
    <property name="java.vm.specification.name" value="Java Virtual Machine Specification"/>
    <property name="java.awt.printerjob" value="sun.awt.windows.WPrinterJob"/>
    <property name="sun.os.patch.level" value=""/>
    <property name="java.library.path" value="C:\Program Files\Java\jdk1.8.0_221\jre\bin;C:\Windows\Sun\Java\bin;C:\Windows\system32;C:\Windows;C:\Program Files (x86)\Common Files\Oracle\Java\javapath;C:\Windows\system32;C:\Windows;C:\Windows\System32\Wbem;C:\Windows\System32\WindowsPowerShell\v1.0\;C:\Windows\System32\OpenSSH\;C:\soft\mysql\mysql-5.7.28-winx64\mysql-5.7.28-winx64\bin;C:\Program Files\Git\cmd;C:\soft\maven\apache-maven-3.6.3-bin\apache-maven-3.6.3\bin;%JAVA_HOME%\bin;%JAVA_HOME%\jre\bin;C:\soft\tomcat\apache-tomcat-8.5.50-windows-x64\apache-tomcat-8.5.50\bin;C:\soft\tomcat\apache-tomcat-8.5.50-windows-x64\apache-tomcat-8.5.50\lib;C:\Users\zcq\AppData\Local\Microsoft\WindowsApps;;C:\Users\zcq\AppData\Local\Programs\Microsoft VS Code\bin;."/>
    <property name="java.vm.info" value="mixed mode"/>
    <property name="java.vendor" value="Oracle Corporation"/>
    <property name="java.vm.version" value="25.221-b11"/>
    <property name="java.ext.dirs" value="C:\Program Files\Java\jdk1.8.0_221\jre\lib\ext;C:\Windows\Sun\Java\lib\ext"/>
    <property name="sun.io.unicode.encoding" value="UnicodeLittle"/>
    <property name="java.class.version" value="52.0"/>
  </properties>
  <testcase name="myTest" classname="com.test.TransTest" time="1.7">
    <error message="/ by zero" type="java.lang.ArithmeticException">java.lang.ArithmeticException: / by zero
	at com.test.TransTest.myTest(TransTest.java:30)
</error>
    <system-out><![CDATA[INFO  SpringBootTestContextBootstrapper:308 - Neither @ContextConfiguration nor @ContextHierarchy found for test class [com.test.TransTest], using SpringBootContextLoader
INFO  AbstractContextLoader:264 - Could not detect default resource locations for test class [com.test.TransTest]: no resource found for suffixes {-context.xml, Context.groovy}.
INFO  SpringBootTestContextBootstrapper:248 - Loaded default TestExecutionListener class names from location [META-INF/spring.factories]: [org.springframework.boot.test.mock.mockito.MockitoTestExecutionListener, org.springframework.boot.test.mock.mockito.ResetMocksTestExecutionListener, org.springframework.boot.test.autoconfigure.restdocs.RestDocsTestExecutionListener, org.springframework.boot.test.autoconfigure.web.client.MockRestServiceServerResetTestExecutionListener, org.springframework.boot.test.autoconfigure.web.servlet.MockMvcPrintOnlyOnFailureTestExecutionListener, org.springframework.boot.test.autoconfigure.web.servlet.WebDriverTestExecutionListener, org.springframework.test.context.web.ServletTestExecutionListener, org.springframework.test.context.support.DirtiesContextBeforeModesTestExecutionListener, org.springframework.test.context.support.DependencyInjectionTestExecutionListener, org.springframework.test.context.support.DirtiesContextTestExecutionListener, org.springframework.test.context.transaction.TransactionalTestExecutionListener, org.springframework.test.context.jdbc.SqlScriptsTestExecutionListener]
INFO  SpringBootTestContextBootstrapper:177 - Using TestExecutionListeners: [org.springframework.test.context.web.ServletTestExecutionListener@123ef382, org.springframework.test.context.support.DirtiesContextBeforeModesTestExecutionListener@dbf57b3, org.springframework.boot.test.mock.mockito.MockitoTestExecutionListener@384ad17b, org.springframework.boot.test.autoconfigure.SpringBootDependencyInjectionTestExecutionListener@61862a7f, org.springframework.test.context.support.DirtiesContextTestExecutionListener@441772e, org.springframework.test.context.transaction.TransactionalTestExecutionListener@7334aada, org.springframework.test.context.jdbc.SqlScriptsTestExecutionListener@1d9b7cce, org.springframework.boot.test.mock.mockito.ResetMocksTestExecutionListener@4d9e68d0, org.springframework.boot.test.autoconfigure.restdocs.RestDocsTestExecutionListener@42e99e4a, org.springframework.boot.test.autoconfigure.web.client.MockRestServiceServerResetTestExecutionListener@14dd9eb7, org.springframework.boot.test.autoconfigure.web.servlet.MockMvcPrintOnlyOnFailureTestExecutionListener@52e6fdee, org.springframework.boot.test.autoconfigure.web.servlet.WebDriverTestExecutionListener@6c80d78a]
INFO  Version:21 - HV000001: Hibernate Validator 6.0.16.Final

  .   ____          _            __ _ _
 /\\ / ___'_ __ _ _(_)_ __  __ _ \ \ \ \
( ( )\___ | '_ | '_| | '_ \/ _` | \ \ \ \
 \\/  ___)| |_)| | | | | || (_| |  ) ) ) )
  '  |____| .__|_| |_|_| |_\__, | / / / /
 =========|_|==============|___/=/_/_/_/
 :: Spring Boot ::        (v2.1.5.RELEASE)

INFO  TransTest:50 - Starting TransTest on DESKTOP-0HLV0CQ with PID 9724 (started by zcq in C:\mycode\food\foodie-dev\foodie-dev-api)
INFO  TransTest:675 - No active profile set, falling back to default profiles: default
WARN  ClassPathMapperScanner:44 - No MyBatis mapper was found in '[com.zcq]' package. Please check your configuration.
INFO  PostProcessorRegistrationDelegate$BeanPostProcessorChecker:330 - Bean 'org.springframework.transaction.annotation.ProxyTransactionManagementConfiguration' of type [org.springframework.transaction.annotation.ProxyTransactionManagementConfiguration$$EnhancerBySpringCGLIB$$7eb6cdb5] is not eligible for getting processed by all BeanPostProcessors (for example: not eligible for auto-proxying)
Logging initialized using 'class org.apache.ibatis.logging.stdout.StdOutImpl' adapter.
Parsed mapper file: 'class path resource [mapper/StuMapper.xml]'
Parsed mapper file: 'class path resource [mapper/UserAddressMapper.xml]'
Parsed mapper file: 'class path resource [mapper/CarouselMapper.xml]'
Parsed mapper file: 'class path resource [mapper/UsersMapper.xml]'
Parsed mapper file: 'class path resource [mapper/CategoryMapper.xml]'
Parsed mapper file: 'class path resource [mapper/CategoryMapperCustom.xml]'
Parsed mapper file: 'class path resource [mapper/ItemsCommentsMapper.xml]'
Parsed mapper file: 'class path resource [mapper/ItemsCommentsMapperCustom.xml]'
Parsed mapper file: 'class path resource [mapper/ItemsImgMapper.xml]'
Parsed mapper file: 'class path resource [mapper/ItemsMapper.xml]'
Parsed mapper file: 'class path resource [mapper/ItemsMapperCustom.xml]'
Parsed mapper file: 'class path resource [mapper/ItemsParamMapper.xml]'
Parsed mapper file: 'class path resource [mapper/ItemsSpecMapper.xml]'
Parsed mapper file: 'class path resource [mapper/OrderItemsMapper.xml]'
Parsed mapper file: 'class path resource [mapper/OrdersMapper.xml]'
Parsed mapper file: 'class path resource [mapper/OrdersMapperCustom.xml]'
Parsed mapper file: 'class path resource [mapper/OrderStatusMapper.xml]'
INFO  ThreadPoolTaskExecutor:171 - Initializing ExecutorService 'applicationTaskExecutor'
INFO  MapperCacheDisabler:60 - Clear tk.mybatis.mapper.util.MsUtil CLASS_CACHE cache.
INFO  MapperCacheDisabler:60 - Clear tk.mybatis.mapper.genid.GenIdUtil CACHE cache.
INFO  MapperCacheDisabler:60 - Clear tk.mybatis.mapper.version.VersionUtil CACHE cache.
INFO  MapperCacheDisabler:83 - Clear EntityHelper entityTableMap cache.
Logging initialized using 'class org.apache.ibatis.logging.stdout.StdOutImpl' adapter.
INFO  ThreadPoolTaskScheduler:171 - Initializing ExecutorService 'taskScheduler'
INFO  DocumentationPluginsBootstrapper:84 - Context refreshed
INFO  DocumentationPluginsBootstrapper:87 - Found 1 custom documentation plugin(s)
INFO  ApiListingReferenceScanner:44 - Scanning for api listing references
INFO  CachingOperationNameGenerator:40 - Generating unique operation named: updateUsingPOST_1
INFO  CachingOperationNameGenerator:40 - Generating unique operation named: deleteUsingPOST_1
INFO  CachingOperationNameGenerator:40 - Generating unique operation named: queryUsingPOST_1
INFO  CachingOperationNameGenerator:40 - Generating unique operation named: addUsingPOST_1
INFO  TransTest:59 - Started TransTest in 6.514 seconds (JVM running for 7.157)
INFO  HikariDataSource:110 - DateSourceHikariCP - Starting...
INFO  HikariDataSource:123 - DateSourceHikariCP - Start completed.
INFO  ServiceLogAspect:42 - ====== 开始执行 class com.zcq.service.impl.TestTransServiceImpl.testPropagationTrans ======
INFO  ServiceLogAspect:42 - ====== 开始执行 class com.zcq.service.impl.StuServiceImpl.saveParent ======
Creating a new SqlSession
Registering transaction synchronization for SqlSession [org.apache.ibatis.session.defaults.DefaultSqlSession@51f01535]
JDBC Connection [HikariProxyConnection@1172814713 wrapping com.mysql.jdbc.JDBC4Connection@65e4cb84] will be managed by Spring
==>  Preparing: INSERT INTO stu ( id,name,age ) VALUES( ?,?,? ) 
==> Parameters: null, parent(String), 19(Integer)
<==    Updates: 1
Releasing transactional SqlSession [org.apache.ibatis.session.defaults.DefaultSqlSession@51f01535]
INFO  ServiceLogAspect:61 - ====== 执行结束，耗时：97 毫秒 ======
Transaction synchronization suspending SqlSession [org.apache.ibatis.session.defaults.DefaultSqlSession@51f01535]
INFO  ServiceLogAspect:42 - ====== 开始执行 class com.zcq.service.impl.StuServiceImpl.saveChildren ======
Creating a new SqlSession
Registering transaction synchronization for SqlSession [org.apache.ibatis.session.defaults.DefaultSqlSession@1d226f27]
JDBC Connection [HikariProxyConnection@721004015 wrapping com.mysql.jdbc.JDBC4Connection@3fba2993] will be managed by Spring
==>  Preparing: INSERT INTO stu ( id,name,age ) VALUES( ?,?,? ) 
==> Parameters: null, child-1(String), 11(Integer)
<==    Updates: 1
Releasing transactional SqlSession [org.apache.ibatis.session.defaults.DefaultSqlSession@1d226f27]
Transaction synchronization deregistering SqlSession [org.apache.ibatis.session.defaults.DefaultSqlSession@1d226f27]
Transaction synchronization closing SqlSession [org.apache.ibatis.session.defaults.DefaultSqlSession@1d226f27]
Transaction synchronization resuming SqlSession [org.apache.ibatis.session.defaults.DefaultSqlSession@51f01535]
Transaction synchronization deregistering SqlSession [org.apache.ibatis.session.defaults.DefaultSqlSession@51f01535]
Transaction synchronization closing SqlSession [org.apache.ibatis.session.defaults.DefaultSqlSession@51f01535]
]]></system-out>
    <system-err><![CDATA[log4j:ERROR Failed to rename [/workspaces/logs/foodie-api/imooc.log] to [/workspaces/logs/foodie-api/imooc.log.2020-01-18-16-15].
Sat Jan 18 16:16:02 CST 2020 WARN: Establishing SSL connection without server's identity verification is not recommended. According to MySQL 5.5.45+, 5.6.26+ and 5.7.6+ requirements SSL connection must be established by default if explicit option isn't set. For compliance with existing applications not using SSL the verifyServerCertificate property is set to 'false'. You need either to explicitly disable SSL by setting useSSL=false, or set useSSL=true and provide truststore for server certificate verification.
Sat Jan 18 16:16:04 CST 2020 WARN: Establishing SSL connection without server's identity verification is not recommended. According to MySQL 5.5.45+, 5.6.26+ and 5.7.6+ requirements SSL connection must be established by default if explicit option isn't set. For compliance with existing applications not using SSL the verifyServerCertificate property is set to 'false'. You need either to explicitly disable SSL by setting useSSL=false, or set useSSL=true and provide truststore for server certificate verification.
Sat Jan 18 16:16:04 CST 2020 WARN: Establishing SSL connection without server's identity verification is not recommended. According to MySQL 5.5.45+, 5.6.26+ and 5.7.6+ requirements SSL connection must be established by default if explicit option isn't set. For compliance with existing applications not using SSL the verifyServerCertificate property is set to 'false'. You need either to explicitly disable SSL by setting useSSL=false, or set useSSL=true and provide truststore for server certificate verification.
]]></system-err>
  </testcase>
</testsuite>